# JRE version: Java(TM) SE Runtime Environment (8.0_92-b14) (build 1.8.0_92-b14)
# Java VM: Java HotSpot(TM) Client VM (25.92-b14 mixed mode windows-x86 )
Heap:
 def new generation   total 39424K, used 7929K [0x05000000, 0x07ac0000, 0x0faa0000)
  eden space 35072K,  13% used [0x05000000, 0x054ab678, 0x07240000)
  from space 4352K,  72% used [0x07680000, 0x07992fc8, 0x07ac0000)
  to   space 4352K,   0% used [0x07240000, 0x07240000, 0x07680000)
 tenured generation   total 87424K, used 46565K [0x0faa0000, 0x15000000, 0x25000000)
   the space 87424K,  53% used [0x0faa0000, 0x128196b8, 0x12819800, 0x15000000)
 Metaspace       used 21268K, capacity 22126K, committed 22144K, reserved 22912K
GC Heap History (10 events):
Event: 188.855 GC heap before
{Heap before GC invocations=30 (full 2):
 def new generation   total 39424K, used 35138K [0x05000000, 0x07ac0000, 0x0faa0000)
  eden space 35072K,  99% used [0x05000000, 0x07217d98, 0x07240000)
  from space 4352K,   5% used [0x07240000, 0x07278be8, 0x07680000)
  to   space 4352K,   0% used [0x07680000, 0x07680000, 0x07ac0000)
 tenured generation   total 87424K, used 42525K [0x0faa0000, 0x15000000, 0x25000000)
   the space 87424K,  48% used [0x0faa0000, 0x124274f0, 0x12427600, 0x15000000)
 Metaspace       used 20992K, capacity 21860K, committed 21888K, reserved 21888K
Event: 188.861 GC heap after
Heap after GC invocations=31 (full 2):
 def new generation   total 39424K, used 1752K [0x05000000, 0x07ac0000, 0x0faa0000)
  eden space 35072K,   0% used [0x05000000, 0x05000000, 0x07240000)
  from space 4352K,  40% used [0x07680000, 0x07836160, 0x07ac0000)
  to   space 4352K,   0% used [0x07240000, 0x07240000, 0x07680000)
 tenured generation   total 87424K, used 42525K [0x0faa0000, 0x15000000, 0x25000000)
   the space 87424K,  48% used [0x0faa0000, 0x124274f0, 0x12427600, 0x15000000)
 Metaspace       used 20992K, capacity 21860K, committed 21888K, reserved 21888K
}
Event: 268.981 GC heap before
{Heap before GC invocations=31 (full 2):
 def new generation   total 39424K, used 36824K [0x05000000, 0x07ac0000, 0x0faa0000)
  eden space 35072K, 100% used [0x05000000, 0x07240000, 0x07240000)
  from space 4352K,  40% used [0x07680000, 0x07836160, 0x07ac0000)
  to   space 4352K,   0% used [0x07240000, 0x07240000, 0x07680000)
 tenured generation   total 87424K, used 42525K [0x0faa0000, 0x15000000, 0x25000000)
   the space 87424K,  48% used [0x0faa0000, 0x124274f0, 0x12427600, 0x15000000)
 Metaspace       used 21016K, capacity 21870K, committed 21888K, reserved 21888K
Event: 268.988 GC heap after
Heap after GC invocations=32 (full 2):
 def new generation   total 39424K, used 2722K [0x05000000, 0x07ac0000, 0x0faa0000)
  eden space 35072K,   0% used [0x05000000, 0x05000000, 0x07240000)
  from space 4352K,  62% used [0x07240000, 0x074e8b40, 0x07680000)
  to   space 4352K,   0% used [0x07680000, 0x07680000, 0x07ac0000)
 tenured generation   total 87424K, used 42525K [0x0faa0000, 0x15000000, 0x25000000)
   the space 87424K,  48% used [0x0faa0000, 0x124274f0, 0x12427600, 0x15000000)
 Metaspace       used 21016K, capacity 21870K, committed 21888K, reserved 21888K
}
Event: 312.890 GC heap before
{Heap before GC invocations=32 (full 2):
 def new generation   total 39424K, used 37794K [0x05000000, 0x07ac0000, 0x0faa0000)
  eden space 35072K, 100% used [0x05000000, 0x07240000, 0x07240000)
  from space 4352K,  62% used [0x07240000, 0x074e8b40, 0x07680000)
  to   space 4352K,   0% used [0x07680000, 0x07680000, 0x07ac0000)
 tenured generation   total 87424K, used 42525K [0x0faa0000, 0x15000000, 0x25000000)
   the space 87424K,  48% used [0x0faa0000, 0x124274f0, 0x12427600, 0x15000000)
 Metaspace       used 21087K, capacity 21934K, committed 22016K, reserved 22912K
Event: 312.898 GC heap after
Heap after GC invocations=33 (full 2):
 def new generation   total 39424K, used 1436K [0x05000000, 0x07ac0000, 0x0faa0000)
  eden space 35072K,   0% used [0x05000000, 0x05000000, 0x07240000)
  from space 4352K,  33% used [0x07680000, 0x077e7238, 0x07ac0000)
  to   space 4352K,   0% used [0x07240000, 0x07240000, 0x07680000)
 tenured generation   total 87424K, used 43604K [0x0faa0000, 0x15000000, 0x25000000)
   the space 87424K,  49% used [0x0faa0000, 0x125350b8, 0x12535200, 0x15000000)
 Metaspace       used 21087K, capacity 21934K, committed 22016K, reserved 22912K
}
Event: 348.587 GC heap before
{Heap before GC invocations=33 (full 2):
 def new generation   total 39424K, used 36508K [0x05000000, 0x07ac0000, 0x0faa0000)
  eden space 35072K, 100% used [0x05000000, 0x07240000, 0x07240000)
  from space 4352K,  33% used [0x07680000, 0x077e7238, 0x07ac0000)
  to   space 4352K,   0% used [0x07240000, 0x07240000, 0x07680000)
 tenured generation   total 87424K, used 43604K [0x0faa0000, 0x15000000, 0x25000000)
   the space 87424K,  49% used [0x0faa0000, 0x125350b8, 0x12535200, 0x15000000)
 Metaspace       used 21174K, capacity 22030K, committed 22144K, reserved 22912K
Event: 348.593 GC heap after
Heap after GC invocations=34 (full 2):
 def new generation   total 39424K, used 3662K [0x05000000, 0x07ac0000, 0x0faa0000)
  eden space 35072K,   0% used [0x05000000, 0x05000000, 0x07240000)
  from space 4352K,  84% used [0x07240000, 0x075d3978, 0x07680000)
  to   space 4352K,   0% used [0x07680000, 0x07680000, 0x07ac0000)
 tenured generation   total 87424K, used 43604K [0x0faa0000, 0x15000000, 0x25000000)
   the space 87424K,  49% used [0x0faa0000, 0x125350b8, 0x12535200, 0x15000000)
 Metaspace       used 21174K, capacity 22030K, committed 22144K, reserved 22912K
}
Event: 414.171 GC heap before
{Heap before GC invocations=34 (full 2):
 def new generation   total 39424K, used 37402K [0x05000000, 0x07ac0000, 0x0faa0000)
  eden space 35072K,  96% used [0x05000000, 0x070f30c8, 0x07240000)
  from space 4352K,  84% used [0x07240000, 0x075d3978, 0x07680000)
  to   space 4352K,   0% used [0x07680000, 0x07680000, 0x07ac0000)
 tenured generation   total 87424K, used 43604K [0x0faa0000, 0x15000000, 0x25000000)
   the space 87424K,  49% used [0x0faa0000, 0x125350b8, 0x12535200, 0x15000000)
 Metaspace       used 21268K, capacity 22126K, committed 22144K, reserved 22912K
Event: 414.179 GC heap after
Heap after GC invocations=35 (full 2):
 def new generation   total 39424K, used 3147K [0x05000000, 0x07ac0000, 0x0faa0000)
  eden space 35072K,   0% used [0x05000000, 0x05000000, 0x07240000)
  from space 4352K,  72% used [0x07680000, 0x07992fc8, 0x07ac0000)
  to   space 4352K,   0% used [0x07240000, 0x07240000, 0x07680000)
 tenured generation   total 87424K, used 46565K [0x0faa0000, 0x15000000, 0x25000000)
   the space 87424K,  53% used [0x0faa0000, 0x128196b8, 0x12819800, 0x15000000)
 Metaspace       used 21268K, capacity 22126K, committed 22144K, reserved 22912K
}

